2021-12-20 14:52:30,290 [INFO] Activator:170 - 


2021-12-20 14:52:30,294 [INFO] Activator:171 - !SESSION log4j initialized
2021-12-20 15:00:28,520 [INFO] McuFinderGlobals:39 - Set McuFinder mode to 2 (CubeIDE integrated)
2021-12-20 15:00:30,474 [INFO] ApplicationProperties:181 - Using Application install path: C:\ST\STM32CubeIDE_1.1.0\STM32CubeIDE\plugins\com.st.stm32cube.common.mx_6.2.1.202103241236
2021-12-20 15:00:30,537 [INFO] DbMcusXml:74 - Set database path to: C:\ST\STM32CubeIDE_1.1.0\STM32CubeIDE\plugins\com.st.stm32cube.common.mx_6.2.1.202103241236\\db\/mcu/
2021-12-20 15:00:30,544 [INFO] DbBoardsPdsc:56 - Set plugin database path to: C:\ST\STM32CubeIDE_1.1.0\STM32CubeIDE\plugins\com.st.stm32cube.common.mx_6.2.1.202103241236\\db\/plugins/boardmanager/
2021-12-20 15:00:30,545 [INFO] DbMcus:258 - Set plugin images path to: C:\ST\STM32CubeIDE_1.1.0\STM32CubeIDE\plugins\com.st.stm32cube.common.mx_6.2.1.202103241236\\db\/plugins/mcufinder/images/
2021-12-20 15:00:30,546 [INFO] DbBoards:264 - Set plugin images path to: C:\ST\STM32CubeIDE_1.1.0\STM32CubeIDE\plugins\com.st.stm32cube.common.mx_6.2.1.202103241236\\db\/plugins/mcufinder/images/
2021-12-20 15:00:30,549 [INFO] DbExamples:333 - Set plugin images path to: C:\ST\STM32CubeIDE_1.1.0\STM32CubeIDE\plugins\com.st.stm32cube.common.mx_6.2.1.202103241236\\db\/plugins/mcufinder/images/
2021-12-20 15:00:30,865 [INFO] DbMcusAds:85 - Set database path to: C:\Users\Navjeevan\.stmcufinder\plugins\mcufinder//mcu/
2021-12-20 15:00:30,870 [INFO] DbMcusDocs:110 - Set database path to: C:\Users\Navjeevan\.stmcufinder\plugins\mcufinder//mcu/
2021-12-20 15:00:30,876 [INFO] DbMcusJson:65 - Set database path to: C:\Users\Navjeevan\.stmcufinder\plugins\mcufinder//mcu/
2021-12-20 15:00:30,878 [INFO] DbBoardsDocs:110 - Set database path to: C:\Users\Navjeevan\.stmcufinder\plugins\mcufinder//mcu/
2021-12-20 15:00:30,881 [INFO] DbBoardsJson:58 - Set database path to: C:\Users\Navjeevan\.stmcufinder\plugins\mcufinder//mcu/
2021-12-20 15:00:42,404 [INFO] CrossReferenceDbSqlite:196 - Set database path to: C:\Users\Navjeevan\.stmcufinder\plugins\mcufinder//mcu/cs/
2021-12-20 15:00:42,435 [INFO] DbExamplesSqlite:690 - Set database path to: C:\Users\Navjeevan\.stmcufinder\plugins\mcufinder//mcu/
2021-12-20 15:00:43,491 [INFO] RulesReader:52 - Compatibility file has been processed (237 Rules)
2021-12-20 15:00:45,049 [INFO] MicroXplorer:622 - Detected Java Version = 11.0.9.1
2021-12-20 15:00:45,051 [INFO] DbMcusXml:74 - Set database path to: C:\ST\STM32CubeIDE_1.1.0\STM32CubeIDE\plugins\com.st.stm32cube.common.mx_6.2.1.202103241236\\db\/mcu/
2021-12-20 15:00:45,052 [INFO] DbBoardsPdsc:56 - Set plugin database path to: C:\ST\STM32CubeIDE_1.1.0\STM32CubeIDE\plugins\com.st.stm32cube.common.mx_6.2.1.202103241236\\db\/plugins/boardmanager/
2021-12-20 15:00:45,052 [INFO] DbMcus:258 - Set plugin images path to: C:\ST\STM32CubeIDE_1.1.0\STM32CubeIDE\plugins\com.st.stm32cube.common.mx_6.2.1.202103241236\\db\/plugins/mcufinder/images/
2021-12-20 15:00:45,053 [INFO] DbBoards:264 - Set plugin images path to: C:\ST\STM32CubeIDE_1.1.0\STM32CubeIDE\plugins\com.st.stm32cube.common.mx_6.2.1.202103241236\\db\/plugins/mcufinder/images/
2021-12-20 15:00:45,053 [INFO] DbExamples:333 - Set plugin images path to: C:\ST\STM32CubeIDE_1.1.0\STM32CubeIDE\plugins\com.st.stm32cube.common.mx_6.2.1.202103241236\\db\/plugins/mcufinder/images/
2021-12-20 15:00:45,053 [WARN] DbFile:35 - Overriding database path with different value: C:\Users\Navjeevan\.stmcufinder\plugins\mcufinder/ => C:\Users\Navjeevan\.stmcufinder\plugins\mcufinder
2021-12-20 15:00:45,054 [INFO] DbMcusAds:85 - Set database path to: C:\Users\Navjeevan\.stmcufinder\plugins\mcufinder//mcu/
2021-12-20 15:00:45,054 [WARN] DbFile:35 - Overriding database path with different value: C:\Users\Navjeevan\.stmcufinder\plugins\mcufinder/ => C:\Users\Navjeevan\.stmcufinder\plugins\mcufinder
2021-12-20 15:00:45,055 [INFO] DbMcusDocs:110 - Set database path to: C:\Users\Navjeevan\.stmcufinder\plugins\mcufinder//mcu/
2021-12-20 15:00:45,055 [WARN] DbFile:35 - Overriding database path with different value: C:\Users\Navjeevan\.stmcufinder\plugins\mcufinder/ => C:\Users\Navjeevan\.stmcufinder\plugins\mcufinder
2021-12-20 15:00:45,056 [INFO] DbMcusJson:65 - Set database path to: C:\Users\Navjeevan\.stmcufinder\plugins\mcufinder//mcu/
2021-12-20 15:00:45,056 [WARN] DbFile:35 - Overriding database path with different value: C:\Users\Navjeevan\.stmcufinder\plugins\mcufinder/ => C:\Users\Navjeevan\.stmcufinder\plugins\mcufinder
2021-12-20 15:00:45,056 [INFO] DbBoardsDocs:110 - Set database path to: C:\Users\Navjeevan\.stmcufinder\plugins\mcufinder//mcu/
2021-12-20 15:00:45,056 [WARN] DbFile:35 - Overriding database path with different value: C:\Users\Navjeevan\.stmcufinder\plugins\mcufinder/ => C:\Users\Navjeevan\.stmcufinder\plugins\mcufinder
2021-12-20 15:00:45,056 [INFO] DbBoardsJson:58 - Set database path to: C:\Users\Navjeevan\.stmcufinder\plugins\mcufinder//mcu/
2021-12-20 15:00:45,057 [WARN] DbFile:35 - Overriding database path with different value: C:\Users\Navjeevan\.stmcufinder\plugins\mcufinder/ => C:\Users\Navjeevan\.stmcufinder\plugins\mcufinder
2021-12-20 15:00:45,057 [WARN] DbFile:35 - Overriding database path with different value: C:\Users\Navjeevan\.stmcufinder\plugins\mcufinder/ => C:\Users\Navjeevan\.stmcufinder\plugins\mcufinder
2021-12-20 15:00:45,057 [INFO] CrossReferenceDbSqlite:196 - Set database path to: C:\Users\Navjeevan\.stmcufinder\plugins\mcufinder//mcu/cs/
2021-12-20 15:00:45,057 [WARN] DbFile:35 - Overriding database path with different value: C:\Users\Navjeevan\.stmcufinder\plugins\mcufinder/ => C:\Users\Navjeevan\.stmcufinder\plugins\mcufinder
2021-12-20 15:00:45,057 [INFO] DbExamplesSqlite:690 - Set database path to: C:\Users\Navjeevan\.stmcufinder\plugins\mcufinder//mcu/
2021-12-20 15:00:45,566 [INFO] MainPanel:204 - HeapMemory: 268435456
2021-12-20 15:00:45,920 [INFO] DbMcusXml:74 - Set database path to: C:\ST\STM32CubeIDE_1.1.0\STM32CubeIDE\plugins\com.st.stm32cube.common.mx_6.2.1.202103241236\\db\/mcu/
2021-12-20 15:00:45,920 [INFO] DbBoardsPdsc:56 - Set plugin database path to: C:\ST\STM32CubeIDE_1.1.0\STM32CubeIDE\plugins\com.st.stm32cube.common.mx_6.2.1.202103241236\\db\/plugins/boardmanager/
2021-12-20 15:00:45,920 [INFO] DbMcus:258 - Set plugin images path to: C:\ST\STM32CubeIDE_1.1.0\STM32CubeIDE\plugins\com.st.stm32cube.common.mx_6.2.1.202103241236\\db\/plugins/mcufinder/images/
2021-12-20 15:00:45,920 [INFO] DbBoards:264 - Set plugin images path to: C:\ST\STM32CubeIDE_1.1.0\STM32CubeIDE\plugins\com.st.stm32cube.common.mx_6.2.1.202103241236\\db\/plugins/mcufinder/images/
2021-12-20 15:00:45,920 [INFO] DbExamples:333 - Set plugin images path to: C:\ST\STM32CubeIDE_1.1.0\STM32CubeIDE\plugins\com.st.stm32cube.common.mx_6.2.1.202103241236\\db\/plugins/mcufinder/images/
2021-12-20 15:00:45,931 [WARN] DbFile:35 - Overriding database path with different value: C:\Users\Navjeevan\.stmcufinder\plugins\mcufinder/ => C:\Users\Navjeevan\.stmcufinder\plugins\mcufinder
2021-12-20 15:00:45,931 [INFO] DbMcusAds:85 - Set database path to: C:\Users\Navjeevan\.stmcufinder\plugins\mcufinder//mcu/
2021-12-20 15:00:45,931 [WARN] DbFile:35 - Overriding database path with different value: C:\Users\Navjeevan\.stmcufinder\plugins\mcufinder/ => C:\Users\Navjeevan\.stmcufinder\plugins\mcufinder
2021-12-20 15:00:45,931 [INFO] DbMcusDocs:110 - Set database path to: C:\Users\Navjeevan\.stmcufinder\plugins\mcufinder//mcu/
2021-12-20 15:00:45,932 [WARN] DbFile:35 - Overriding database path with different value: C:\Users\Navjeevan\.stmcufinder\plugins\mcufinder/ => C:\Users\Navjeevan\.stmcufinder\plugins\mcufinder
2021-12-20 15:00:45,932 [INFO] DbMcusJson:65 - Set database path to: C:\Users\Navjeevan\.stmcufinder\plugins\mcufinder//mcu/
2021-12-20 15:00:45,932 [WARN] DbFile:35 - Overriding database path with different value: C:\Users\Navjeevan\.stmcufinder\plugins\mcufinder/ => C:\Users\Navjeevan\.stmcufinder\plugins\mcufinder
2021-12-20 15:00:45,932 [INFO] DbBoardsDocs:110 - Set database path to: C:\Users\Navjeevan\.stmcufinder\plugins\mcufinder//mcu/
2021-12-20 15:00:45,932 [WARN] DbFile:35 - Overriding database path with different value: C:\Users\Navjeevan\.stmcufinder\plugins\mcufinder/ => C:\Users\Navjeevan\.stmcufinder\plugins\mcufinder
2021-12-20 15:00:45,932 [INFO] DbBoardsJson:58 - Set database path to: C:\Users\Navjeevan\.stmcufinder\plugins\mcufinder//mcu/
2021-12-20 15:00:45,932 [WARN] DbFile:35 - Overriding database path with different value: C:\Users\Navjeevan\.stmcufinder\plugins\mcufinder/ => C:\Users\Navjeevan\.stmcufinder\plugins\mcufinder
2021-12-20 15:00:45,932 [WARN] DbFile:35 - Overriding database path with different value: C:\Users\Navjeevan\.stmcufinder\plugins\mcufinder/ => C:\Users\Navjeevan\.stmcufinder\plugins\mcufinder
2021-12-20 15:00:45,932 [INFO] CrossReferenceDbSqlite:196 - Set database path to: C:\Users\Navjeevan\.stmcufinder\plugins\mcufinder//mcu/cs/
2021-12-20 15:00:45,933 [WARN] DbFile:35 - Overriding database path with different value: C:\Users\Navjeevan\.stmcufinder\plugins\mcufinder/ => C:\Users\Navjeevan\.stmcufinder\plugins\mcufinder
2021-12-20 15:00:45,933 [INFO] DbExamplesSqlite:690 - Set database path to: C:\Users\Navjeevan\.stmcufinder\plugins\mcufinder//mcu/
2021-12-20 15:00:46,043 [INFO] ApplicationProperties:181 - Using Application install path: C:\ST\STM32CubeIDE_1.1.0\STM32CubeIDE\plugins\com.st.stm32cube.common.mx_6.2.1.202103241236
2021-12-20 15:00:46,049 [INFO] PluginManage:178 - Search for loadable plugins [exclusion list=, ]
2021-12-20 15:00:46,091 [INFO] PluginManage:292 - Check plugin analytics
2021-12-20 15:00:46,472 [INFO] AnalyticsPlugin:233 - Accepted Software Licenses: STM32CubeMX.5.1.0,STM32CubeMX.5.6.1,STM32CubeMX.6.0.1,STM32CubeMX.6.1.1,STM32CubeMX.6.1.2
2021-12-20 15:00:46,473 [INFO] AnalyticsPlugin:235 - Accepted CMSIS Pack Licenses: 
2021-12-20 15:00:46,473 [INFO] AnalyticsPlugin:237 - Accepted Firmware Licenses: 
2021-12-20 15:00:46,475 [INFO] PluginManage:342 - Loaded plugin analytics (category:tool,tabindex:-1)
2021-12-20 15:00:46,476 [INFO] PluginManage:292 - Check plugin clock
2021-12-20 15:00:46,575 [INFO] PluginManage:342 - Loaded plugin clock (category:base,tabindex:2)
2021-12-20 15:00:46,575 [INFO] PluginManage:292 - Check plugin ddr
2021-12-20 15:00:46,616 [INFO] PluginManage:342 - Loaded plugin ddr (category:tool,tabindex:6)
2021-12-20 15:00:46,618 [INFO] PluginManage:292 - Check plugin filemanager
2021-12-20 15:00:47,419 [INFO] PluginManage:342 - Loaded plugin filemanager (category:base,tabindex:10)
2021-12-20 15:00:47,419 [INFO] PluginManage:292 - Check plugin ipmanager
2021-12-20 15:00:47,522 [INFO] PluginManage:342 - Loaded plugin ipmanager (category:base,tabindex:5)
2021-12-20 15:00:47,522 [INFO] PluginManage:292 - Check plugin pinoutandconfiguration
2021-12-20 15:00:47,572 [INFO] PluginManage:342 - Loaded plugin pinoutandconfiguration (category:base,tabindex:1)
2021-12-20 15:00:47,573 [INFO] PluginManage:292 - Check plugin pinoutconfig
2021-12-20 15:00:47,691 [INFO] PluginManage:342 - Loaded plugin pinoutconfig (category:base,tabindex:0)
2021-12-20 15:00:47,691 [INFO] PluginManage:292 - Check plugin power
2021-12-20 15:00:48,370 [INFO] PluginManage:342 - Loaded plugin power (category:power,tabindex:4)
2021-12-20 15:00:48,371 [INFO] PluginManage:292 - Check plugin projectmanager
2021-12-20 15:00:48,464 [INFO] PluginManage:342 - Loaded plugin projectmanager (category:projectmanager,tabindex:3)
2021-12-20 15:00:48,464 [INFO] PluginManage:292 - Check plugin thirdparty
2021-12-20 15:00:50,412 [INFO] PluginManage:342 - Loaded plugin thirdparty (category:base,tabindex:-1)
2021-12-20 15:00:50,416 [WARN] IntegrityCheckThread:59 - waiting for thirdparty lock release [integrity check]
2021-12-20 15:00:50,417 [INFO] PluginManage:292 - Check plugin tools
2021-12-20 15:00:50,419 [INFO] IntegrityCheckThread:61 - entering critical section [integrity check]
2021-12-20 15:00:50,421 [INFO] ThirdPartyUpdaterWithRetryManager:56 - Updater plugin not ready yet. [1/15]
2021-12-20 15:00:50,630 [INFO] PluginManage:342 - Loaded plugin tools (category:base,tabindex:7)
2021-12-20 15:00:50,630 [INFO] PluginManage:292 - Check plugin tutovideos
2021-12-20 15:00:51,629 [INFO] PluginManage:342 - Loaded plugin tutovideos (category:base,tabindex:-1)
2021-12-20 15:00:51,630 [INFO] PluginManage:292 - Check plugin updater
2021-12-20 15:00:51,685 [INFO] PluginManage:342 - Loaded plugin updater (category:base,tabindex:12)
2021-12-20 15:00:51,686 [INFO] PluginManage:265 - PluginManage : Loaded plugins [13]
2021-12-20 15:00:53,256 [INFO] PinOutPanel:1435 - setPackage(No Configuration,No Configuration)
2021-12-20 15:00:53,436 [INFO] ThirdPartyUpdaterWithRetryManager:56 - Updater plugin not ready yet. [2/15]
2021-12-20 15:00:53,938 [INFO] IPUIPlugin:64 - create IPUIPlugin
2021-12-20 15:00:53,939 [INFO] PluginManager:203 - loadIPPluginJar : add adc
2021-12-20 15:00:54,001 [INFO] IPUIPlugin:64 - create IPUIPlugin
2021-12-20 15:00:54,001 [INFO] PluginManager:203 - loadIPPluginJar : add aes
2021-12-20 15:00:54,068 [INFO] IPUIPlugin:64 - create IPUIPlugin
2021-12-20 15:00:54,068 [INFO] PluginManager:203 - loadIPPluginJar : add can
2021-12-20 15:00:54,104 [INFO] IPUIPlugin:64 - create IPUIPlugin
2021-12-20 15:00:54,104 [INFO] PluginManager:203 - loadIPPluginJar : add comp
2021-12-20 15:00:54,148 [INFO] IPUIPlugin:64 - create IPUIPlugin
2021-12-20 15:00:54,148 [INFO] PluginManager:203 - loadIPPluginJar : add cryp
2021-12-20 15:00:54,208 [INFO] IPUIPlugin:64 - create IPUIPlugin
2021-12-20 15:00:54,208 [INFO] PluginManager:203 - loadIPPluginJar : add dfsdm
2021-12-20 15:00:54,247 [INFO] IPUIPlugin:64 - create IPUIPlugin
2021-12-20 15:00:54,247 [INFO] PluginManager:203 - loadIPPluginJar : add dma
2021-12-20 15:00:54,279 [INFO] IPUIPlugin:64 - create IPUIPlugin
2021-12-20 15:00:54,279 [INFO] PluginManager:203 - loadIPPluginJar : add fatfs
2021-12-20 15:00:54,347 [INFO] IPUIPlugin:64 - create IPUIPlugin
2021-12-20 15:00:54,348 [INFO] PluginManager:203 - loadIPPluginJar : add fmc
2021-12-20 15:00:54,376 [INFO] IPUIPlugin:64 - create IPUIPlugin
2021-12-20 15:00:54,376 [INFO] PluginManager:203 - loadIPPluginJar : add freertos
2021-12-20 15:00:54,405 [INFO] IPUIPlugin:64 - create IPUIPlugin
2021-12-20 15:00:54,406 [INFO] PluginManager:203 - loadIPPluginJar : add genericplugin
2021-12-20 15:00:54,497 [INFO] IPUIPlugin:64 - create IPUIPlugin
2021-12-20 15:00:54,497 [INFO] PluginManager:203 - loadIPPluginJar : add gfxmmu
2021-12-20 15:00:54,614 [INFO] IPUIPlugin:64 - create IPUIPlugin
2021-12-20 15:00:54,614 [INFO] PluginManager:203 - loadIPPluginJar : add gic
2021-12-20 15:00:54,657 [INFO] IPUIPlugin:64 - create IPUIPlugin
2021-12-20 15:00:54,657 [INFO] PluginManager:203 - loadIPPluginJar : add gpio
2021-12-20 15:00:54,752 [INFO] IPUIPlugin:64 - create IPUIPlugin
2021-12-20 15:00:54,752 [INFO] PluginManager:203 - loadIPPluginJar : add gtzc
2021-12-20 15:00:54,812 [INFO] IPUIPlugin:64 - create IPUIPlugin
2021-12-20 15:00:54,813 [INFO] PluginManager:203 - loadIPPluginJar : add hash
2021-12-20 15:00:54,921 [INFO] IPUIPlugin:64 - create IPUIPlugin
2021-12-20 15:00:54,921 [INFO] PluginManager:203 - loadIPPluginJar : add i2c
2021-12-20 15:00:55,089 [INFO] IPUIPlugin:64 - create IPUIPlugin
2021-12-20 15:00:55,089 [INFO] PluginManager:203 - loadIPPluginJar : add i2s
2021-12-20 15:00:55,154 [INFO] IPUIPlugin:64 - create IPUIPlugin
2021-12-20 15:00:55,154 [INFO] PluginManager:203 - loadIPPluginJar : add ipddr
2021-12-20 15:00:55,326 [INFO] IPUIPlugin:64 - create IPUIPlugin
2021-12-20 15:00:55,326 [INFO] PluginManager:203 - loadIPPluginJar : add lorawan
2021-12-20 15:00:55,442 [INFO] IPUIPlugin:64 - create IPUIPlugin
2021-12-20 15:00:55,443 [INFO] PluginManager:203 - loadIPPluginJar : add ltdc
2021-12-20 15:00:55,474 [INFO] IPUIPlugin:64 - create IPUIPlugin
2021-12-20 15:00:55,475 [INFO] PluginManager:203 - loadIPPluginJar : add mdma
2021-12-20 15:00:55,529 [INFO] IPUIPlugin:64 - create IPUIPlugin
2021-12-20 15:00:55,529 [INFO] PluginManager:203 - loadIPPluginJar : add nvic
2021-12-20 15:00:55,593 [INFO] IPUIPlugin:64 - create IPUIPlugin
2021-12-20 15:00:55,593 [INFO] PluginManager:203 - loadIPPluginJar : add opamp
2021-12-20 15:00:55,669 [INFO] IPUIPlugin:64 - create IPUIPlugin
2021-12-20 15:00:55,669 [INFO] PluginManager:203 - loadIPPluginJar : add openamp
2021-12-20 15:00:55,737 [INFO] IPUIPlugin:64 - create IPUIPlugin
2021-12-20 15:00:55,738 [INFO] PluginManager:203 - loadIPPluginJar : add pdm2pcm
2021-12-20 15:00:55,780 [INFO] IPUIPlugin:64 - create IPUIPlugin
2021-12-20 15:00:55,787 [INFO] PluginManager:203 - loadIPPluginJar : add plateformsettings
2021-12-20 15:00:55,849 [INFO] IPUIPlugin:64 - create IPUIPlugin
2021-12-20 15:00:55,849 [INFO] PluginManager:203 - loadIPPluginJar : add quadspi
2021-12-20 15:00:55,950 [INFO] IPUIPlugin:64 - create IPUIPlugin
2021-12-20 15:00:55,950 [INFO] PluginManager:203 - loadIPPluginJar : add resmgrutility
2021-12-20 15:00:56,110 [INFO] IPUIPlugin:64 - create IPUIPlugin
2021-12-20 15:00:56,111 [INFO] PluginManager:203 - loadIPPluginJar : add sai
2021-12-20 15:00:56,205 [INFO] IPUIPlugin:64 - create IPUIPlugin
2021-12-20 15:00:56,205 [INFO] PluginManager:203 - loadIPPluginJar : add spi
2021-12-20 15:00:56,301 [INFO] IPUIPlugin:64 - create IPUIPlugin
2021-12-20 15:00:56,301 [INFO] PluginManager:203 - loadIPPluginJar : add stm32_wpan
2021-12-20 15:00:56,345 [INFO] IPUIPlugin:64 - create IPUIPlugin
2021-12-20 15:00:56,346 [INFO] PluginManager:203 - loadIPPluginJar : add tim
2021-12-20 15:00:56,425 [INFO] IPUIPlugin:64 - create IPUIPlugin
2021-12-20 15:00:56,425 [INFO] PluginManager:203 - loadIPPluginJar : add touchsensing
2021-12-20 15:00:56,448 [INFO] ThirdPartyUpdaterWithRetryManager:56 - Updater plugin not ready yet. [3/15]
2021-12-20 15:00:56,508 [INFO] IPUIPlugin:64 - create IPUIPlugin
2021-12-20 15:00:56,509 [INFO] PluginManager:203 - loadIPPluginJar : add tracer_emb
2021-12-20 15:00:56,546 [INFO] IPUIPlugin:64 - create IPUIPlugin
2021-12-20 15:00:56,547 [INFO] PluginManager:203 - loadIPPluginJar : add ts
2021-12-20 15:00:56,620 [INFO] IPUIPlugin:64 - create IPUIPlugin
2021-12-20 15:00:56,621 [INFO] PluginManager:203 - loadIPPluginJar : add tsc
2021-12-20 15:00:56,674 [INFO] IPUIPlugin:64 - create IPUIPlugin
2021-12-20 15:00:56,674 [INFO] PluginManager:203 - loadIPPluginJar : add ucpd
2021-12-20 15:00:56,749 [INFO] IPUIPlugin:64 - create IPUIPlugin
2021-12-20 15:00:56,749 [INFO] PluginManager:203 - loadIPPluginJar : add usart
2021-12-20 15:00:57,861 [FATAL] Updater:284 - Updater called before beeing initialized
2021-12-20 15:00:58,435 [FATAL] Updater:284 - Updater called before beeing initialized
2021-12-20 15:00:58,507 [INFO] DbMcusAds:132 - JSON generation date=Thu Sep 30 12:25:09 IST 2021 (1632984909265)
2021-12-20 15:00:58,508 [FATAL] Updater:284 - Updater called before beeing initialized
2021-12-20 15:00:58,753 [WARN] DetailPanel:315 - Failed to get advertising image, set to default
2021-12-20 15:00:59,091 [FATAL] Updater:284 - Updater called before beeing initialized
2021-12-20 15:00:59,095 [FATAL] Updater:284 - Updater called before beeing initialized
2021-12-20 15:00:59,096 [FATAL] Updater:284 - Updater called before beeing initialized
2021-12-20 15:00:59,096 [WARN] DetailPanel:315 - Failed to get advertising image, set to default
2021-12-20 15:00:59,098 [FATAL] Updater:284 - Updater called before beeing initialized
2021-12-20 15:00:59,180 [FATAL] Updater:284 - Updater called before beeing initialized
2021-12-20 15:00:59,180 [WARN] ThirdParty:796 - waiting for thirdparty lock release [close project]
2021-12-20 15:00:59,458 [INFO] ThirdPartyUpdaterWithRetryManager:56 - Updater plugin not ready yet. [4/15]
2021-12-20 15:01:02,472 [FATAL] Updater:284 - Updater called before beeing initialized
2021-12-20 15:01:02,473 [ERROR] AbstractThirdPartyUpdaterManager:153 - class java.lang.Integer cannot be cast to class java.util.List (java.lang.Integer and java.util.List are in module java.base of loader 'bootstrap')
2021-12-20 15:01:02,473 [INFO] ThirdParty:900 - Integrity check success = false
2021-12-20 15:01:02,475 [INFO] IntegrityCheckThread:75 - exiting critical section [integrity check]
2021-12-20 15:01:02,476 [INFO] IntegrityCheckThread:78 - End integrity checks thread
2021-12-20 15:01:02,476 [INFO] ThirdParty:798 - entering critical section [close project]
2021-12-20 15:01:02,482 [INFO] ThirdParty:809 - exiting critical section [close project]
2021-12-20 15:01:02,495 [INFO] PinOutPanel:1435 - setPackage(No Configuration,No Configuration)
2021-12-20 15:01:02,498 [FATAL] Updater:284 - Updater called before beeing initialized
2021-12-20 15:01:02,637 [ERROR] Updater:1065 - MainUpdater not yet initialized. External WinMGr cannot be set.
2021-12-20 15:01:02,668 [INFO] Updater:1002 - Updater Version found : 6.2.1
2021-12-20 15:01:02,718 [INFO] ApplicationProperties:181 - Using Application install path: C:\ST\STM32CubeIDE_1.1.0\STM32CubeIDE\plugins\com.st.stm32cube.common.mx_6.2.1.202103241236
2021-12-20 15:01:11,546 [WARN] ServerAccessManage:1026 - Warning during Server Connexion :  timeout Read timed out
2021-12-20 15:01:13,727 [WARN] ServerAccessManage:1026 - Warning during Server Connexion :  timeout Read timed out
2021-12-20 15:01:25,776 [ERROR] ServerAccessManage:1004 - Warning during Server Connexion :  Unknown host www.ebuc23.com
2021-12-20 15:01:25,783 [INFO] MainUpdater:2661 - connection check result : 22
2021-12-20 15:01:25,786 [INFO] MainUpdater:255 - Updater Check For Update Now.
2021-12-20 15:01:25,788 [INFO] MicroXplorer:472 - Change Database Version : DB.6.0.21
2021-12-20 15:01:25,981 [INFO] CheckServerUpdateThread:102 - End of CheckServer Thread
2021-12-20 15:01:27,237 [WARN] ServerAccessManage:1026 - Warning during Server Connexion :  timeout Read timed out
2021-12-20 15:01:28,331 [WARN] ServerAccessManage:1026 - Warning during Server Connexion :  timeout Read timed out
2021-12-20 15:01:28,336 [ERROR] ServerAccessManage:1004 - Warning during Server Connexion :  Unknown host www.ebuc23.com
2021-12-20 15:01:28,342 [INFO] MainUpdater:2661 - connection check result : 22
2021-12-20 15:02:05,706 [INFO] CrossSelectorPresenter:1330 - Cross Selector saved comparison directory: C:\Users\Navjeevan\.stmcufinder\plugins\mcufinder\mcu\cs_comparisons_mx
2021-12-20 15:02:05,714 [INFO] MultiScanPanel:200 - Auto-refresh data requested => check proxy status ongoing
2021-12-20 15:02:05,714 [INFO] FinderPluginLoader:87 - Searching for filters in installed packs
2021-12-20 15:02:05,723 [INFO] DbMcusXml:100 - Load MCU database from C:\ST\STM32CubeIDE_1.1.0\STM32CubeIDE\plugins\com.st.stm32cube.common.mx_6.2.1.202103241236\\db\/mcu/families.xml
2021-12-20 15:02:07,442 [INFO] DbMcusJson:94 - JSON generation date=Tue Nov 16 21:47:54 IST 2021 (1637079474)
2021-12-20 15:02:08,378 [INFO] DbMcus:175 - Found 1906 MCUs (1866 are supported by CubeMX, 1920 are visible in CubeMX)
2021-12-20 15:02:08,467 [INFO] ApiDb:251 - Load user favorites file C:\Users\Navjeevan/.stm32cubeide/favorites.mcus.txt: 1 item(s)
2021-12-20 15:02:08,467 [INFO] ApiDb:255 - User favorites MCUs=[STM32F446RETx]
2021-12-20 15:02:08,467 [INFO] DbMcus:187 - Set 1 / 1 favorites MCUs
2021-12-20 15:02:09,842 [WARN] DetailPanel:315 - Failed to get advertising image, set to default
2021-12-20 15:02:10,666 [INFO] DbBoardsPdsc:90 - Found 24 items
2021-12-20 15:02:10,714 [INFO] DbBoardsPdsc:90 - Found 9 items
2021-12-20 15:02:10,762 [INFO] DbBoardsPdsc:90 - Found 33 items
2021-12-20 15:02:10,770 [INFO] DbBoardsPdsc:90 - Found 1 items
2021-12-20 15:02:10,810 [INFO] DbBoardsPdsc:90 - Found 46 items
2021-12-20 15:02:10,858 [INFO] DbBoardsPdsc:90 - Found 41 items
2021-12-20 15:02:10,914 [INFO] DbBoardsPdsc:90 - Found 2 items
2021-12-20 15:02:11,026 [INFO] DbBoardsPdsc:90 - Found 5 items
2021-12-20 15:02:11,042 [WARN] DbBoardsPdsc:254 - Board NUCLEO-WB15CC: unknown feature type=, name=, username=Three user LEDs, n=1
2021-12-20 15:02:11,042 [WARN] DbBoardsPdsc:254 - Board NUCLEO-WB15CC: unknown feature type=, name=, username=One reset and three user push-buttons, n=1
2021-12-20 15:02:11,042 [WARN] DbBoardsPdsc:254 - Board NUCLEO-WB15CC: unknown feature type=, name=, username=Arduino Uno V3 expansion connector, n=1
2021-12-20 15:02:11,042 [WARN] DbBoardsPdsc:254 - Board NUCLEO-WB15CC: unknown feature type=, name=, username=ST morpho extension pin headers for full access to all STM32WB I/Os, n=1
2021-12-20 15:02:11,042 [WARN] DbBoardsPdsc:254 - Board NUCLEO-WB15CC: unknown feature type=, name=, username=Integrated PCB antenna and SMA connector footprint, n=1
2021-12-20 15:02:11,042 [WARN] DbBoardsPdsc:254 - Board NUCLEO-WB15CC: unknown feature type=, name=, username=Flexible power-supply options: ST-LINK, USB VBUS, or external sources, n=1
2021-12-20 15:02:11,042 [WARN] DbBoardsPdsc:254 - Board NUCLEO-WB15CC: unknown feature type=, name=, username=On-board footprint to mount a CR2032 battery socket, n=1
2021-12-20 15:02:11,042 [WARN] DbBoardsPdsc:254 - Board NUCLEO-WB15CC: unknown feature type=, name=, username=On-board ST-LINK/V2-1 debugger/programmer with USB re-enumeration capability: mass storage, Virtual COM port, and debug port, n=1
2021-12-20 15:02:11,042 [WARN] DbBoardsPdsc:254 - Board NUCLEO-WB15CC: unknown feature type=, name=, username=Comprehensive free software libraries and examples available with the STM32CubeWB MCU Package, n=1
2021-12-20 15:02:11,042 [WARN] DbBoardsPdsc:254 - Board NUCLEO-WB15CC: unknown feature type=, name=, username=Support of a wide choice of Integrated Development Environments (IDEs) including IAR Embedded Workbench, MDK-ARM, STM32CubeIDE, and Mbed Studio, n=1
2021-12-20 15:02:11,050 [WARN] DbBoardsPdsc:254 - Board STM32H7B3I-DK: unknown feature type=Audio, name=, username=Audio stereo codec with Headphone Amp (CS42L51-CNZ), n=1
2021-12-20 15:02:11,058 [WARN] DbBoardsPdsc:254 - Board STM32H735G-DK: unknown feature type=Audio, name=, username=Audio stereo codec with Headphone Amp (WM8994ECS/R), n=1
2021-12-20 15:02:11,058 [WARN] DbBoardsPdsc:254 - Board STM32WB5MM-DK: unknown feature type=, name=, username=Time-of-Flight and gesture-detection sensor, n=1
2021-12-20 15:02:11,058 [WARN] DbBoardsPdsc:254 - Board STM32WB5MM-DK: unknown feature type=, name=, username=3 push-buttons (2 users and 1 reset) and 1 touch key button, n=1
2021-12-20 15:02:11,058 [WARN] DbBoardsPdsc:254 - Board STM32WB5MM-DK: unknown feature type=, name=, username=Flexible power-supply options: ST-LINK/V2-1 USB connector, 5 V delivered by ARDUINO® or external connector, USB charger, or USB power, n=1
2021-12-20 15:02:11,058 [WARN] DbBoardsPdsc:254 - Board STM32WB5MM-DK: unknown feature type=, name=, username=On-board ST-LINK/V2-1 debugger/programmer with USB re-enumeration capability: Virtual COM port and debug port, n=1
2021-12-20 15:02:11,058 [WARN] DbBoardsPdsc:254 - Board STM32WB5MM-DK: unknown feature type=, name=, username=Comprehensive free software libraries and examples available with the STM32CubeWB MCU Package, n=1
2021-12-20 15:02:11,058 [WARN] DbBoardsPdsc:254 - Board STM32WB5MM-DK: unknown feature type=, name=, username=Support of a wide choice of Integrated Development Environments (IDEs) including IAR Embedded Workbench®, MDK-ARM, and STM32CubeIDE, n=1
2021-12-20 15:02:11,058 [WARN] DbBoardsPdsc:254 - Board STM32H7B3I-EVAL: unknown feature type=Audio, name=, username=Multi-Channel Audio Codec (CS42L51-CNZ), n=1
2021-12-20 15:02:11,066 [WARN] DbBoardsPdsc:254 - Board STM32H7B3I-EVAL: unknown feature type=Meter, name=, username=Power-metering and Temperature-monitoring with sigma-delta modulators, n=1
2021-12-20 15:02:11,066 [WARN] DbBoardsPdsc:254 - Board STM32H7B3I-EVAL: unknown feature type=Motor, name=, username=Motor Control, n=1
2021-12-20 15:02:11,218 [INFO] DbBoardsJson:87 - JSON generation date=Tue Nov 16 21:47:54 IST 2021 (1637079474)
2021-12-20 15:02:11,226 [INFO] DbBoards:117 - Found 167 boards (158 are supported by CubeMX)
2021-12-20 15:02:11,242 [INFO] DbBoardsDocs:143 - JSON generation date=Tue Nov 16 21:47:54 IST 2021 (1637079474)
2021-12-20 15:02:11,250 [INFO] DbBoardsDocs:79 - Found 209 boards documents
2021-12-20 15:02:11,250 [WARN] DbBoards:127 - board B-L475E-IOT01A2 has no document id list !
2021-12-20 15:02:11,250 [WARN] DbBoards:127 - board NUCLEO-H743ZI has no document id list !
2021-12-20 15:02:11,258 [WARN] DbBoards:127 - board NUCLEO-WL55JC2 has no document id list !
2021-12-20 15:02:11,258 [WARN] DbBoards:127 - board P-NUCLEO-WB55-Nucleo has no document id list !
2021-12-20 15:02:11,258 [WARN] DbBoards:127 - board P-NUCLEO-WB55-USBDongle has no document id list !
2021-12-20 15:02:11,258 [WARN] DbBoards:127 - board STEVAL-BFA001V1B has no document id list !
2021-12-20 15:02:11,258 [WARN] DbBoards:127 - board STEVAL-BFA001V2B has no document id list !
2021-12-20 15:02:11,258 [WARN] DbBoards:127 - board STEVAL-IDP005V1 has no document id list !
2021-12-20 15:02:11,258 [WARN] DbBoards:127 - board STEVAL-IDP005V2 has no document id list !
2021-12-20 15:02:11,258 [WARN] DbBoards:127 - board STEVAL-MKSBOX1V1 has no document id list !
2021-12-20 15:02:11,258 [WARN] DbBoards:127 - board STEVAL-STWINKT1 has no document id list !
2021-12-20 15:02:11,258 [WARN] DbBoards:127 - board STEVAL-STWINKT1B has no document id list !
2021-12-20 15:02:11,258 [WARN] DbBoards:127 - board STM32439I-EVAL2 has no document id list !
2021-12-20 15:02:11,258 [WARN] DbBoards:127 - board STM32F401C-DISCO has no document id list !
2021-12-20 15:02:11,258 [WARN] DbBoards:127 - board STM32F769I-DISC1 has no document id list !
2021-12-20 15:02:11,258 [WARN] DbBoards:127 - board STM32G474E-EVAL1 has no document id list !
2021-12-20 15:02:11,258 [WARN] DbBoards:127 - board STM32H743I-EVAL2 has no document id list !
2021-12-20 15:02:11,258 [WARN] DbBoards:127 - board STM32H747I-DISC1 has no document id list !
2021-12-20 15:02:11,258 [WARN] DbBoards:127 - board STM32H753I-EVAL2 has no document id list !
2021-12-20 15:02:11,258 [WARN] DbBoards:127 - board STM32L-DISCOVERY has no document id list !
2021-12-20 15:02:11,930 [ERROR] DbBoards:189 - Image file not found for board B-U585I-IOT02A: C:\ST\STM32CubeIDE_1.1.0\STM32CubeIDE\plugins\com.st.stm32cube.common.mx_6.2.1.202103241236\\db\/plugins/mcufinder/images/boards/B-U585I-IOT02A_small.jpg
2021-12-20 15:02:12,346 [ERROR] DbBoards:189 - Image file not found for board NUCLEO-F413ZH: C:\ST\STM32CubeIDE_1.1.0\STM32CubeIDE\plugins\com.st.stm32cube.common.mx_6.2.1.202103241236\\db\/plugins/mcufinder/images/boards/nucleo-f413zh_small.jpg
2021-12-20 15:02:12,562 [ERROR] DbBoards:189 - Image file not found for board NUCLEO-L552ZE-Q: C:\ST\STM32CubeIDE_1.1.0\STM32CubeIDE\plugins\com.st.stm32cube.common.mx_6.2.1.202103241236\\db\/plugins/mcufinder/images/boards/nucleo_l552ze_q_small.jpg
2021-12-20 15:02:12,562 [ERROR] DbBoards:189 - Image file not found for board NUCLEO-U575ZI-Q: C:\ST\STM32CubeIDE_1.1.0\STM32CubeIDE\plugins\com.st.stm32cube.common.mx_6.2.1.202103241236\\db\/plugins/mcufinder/images/boards/nucleo-u575zi-q_small.jpg
2021-12-20 15:02:12,562 [ERROR] DbBoards:189 - Image file not found for board NUCLEO-WB15CC: C:\ST\STM32CubeIDE_1.1.0\STM32CubeIDE\plugins\com.st.stm32cube.common.mx_6.2.1.202103241236\\db\/plugins/mcufinder/images/boards/nucleo-wb15cc_small.jpg
2021-12-20 15:02:12,562 [ERROR] DbBoards:189 - Image file not found for board NUCLEO-WB55RG: C:\ST\STM32CubeIDE_1.1.0\STM32CubeIDE\plugins\com.st.stm32cube.common.mx_6.2.1.202103241236\\db\/plugins/mcufinder/images/boards/nucleo-wb55rg_small.jpg
2021-12-20 15:02:15,834 [ERROR] DbBoards:189 - Image file not found for board STM32U575I-EV: C:\ST\STM32CubeIDE_1.1.0\STM32CubeIDE\plugins\com.st.stm32cube.common.mx_6.2.1.202103241236\\db\/plugins/mcufinder/images/boards/stm32u575i-ev_small.jpg
2021-12-20 15:02:16,066 [INFO] ApiDb:251 - Load user favorites file C:\Users\Navjeevan/.stm32cubeide/favorites.boards.txt: 1 item(s)
2021-12-20 15:02:16,066 [INFO] ApiDb:255 - User favorites Boards=[NUCLEO-F446RE]
2021-12-20 15:02:16,066 [INFO] DbBoards:206 - Set 1 / 1 favorites Boards
2021-12-20 15:02:19,954 [INFO] MultiScanPanel:200 - Auto-refresh data requested => check proxy status ongoing
2021-12-20 15:02:20,026 [WARN] DetailPanel:315 - Failed to get advertising image, set to default
2021-12-20 15:03:59,849 [INFO] ApiDb:276 - Save user favorites file C:\Users\Navjeevan/.stm32cubeide/favorites.mcus.txt: 1 item(s)
2021-12-20 15:03:59,849 [INFO] ApiDb:280 - User favorites MCUs=[STM32F446RETx]
2021-12-20 15:03:59,857 [INFO] ApiDb:276 - Save user favorites file C:\Users\Navjeevan/.stm32cubeide/favorites.boards.txt: 1 item(s)
2021-12-20 15:03:59,865 [INFO] ApiDb:280 - User favorites Boards=[NUCLEO-F446RE]
2021-12-20 20:41:20,612 [INFO] Activator:170 - 


2021-12-20 20:41:20,625 [INFO] Activator:171 - !SESSION log4j initialized
2021-12-20 20:41:24,811 [INFO] McuFinderGlobals:39 - Set McuFinder mode to 2 (CubeIDE integrated)
2021-12-20 20:41:26,043 [INFO] ApplicationProperties:181 - Using Application install path: C:\ST\STM32CubeIDE_1.1.0\STM32CubeIDE\plugins\com.st.stm32cube.common.mx_6.2.1.202103241236
2021-12-20 20:41:26,053 [INFO] DbMcusXml:74 - Set database path to: C:\ST\STM32CubeIDE_1.1.0\STM32CubeIDE\plugins\com.st.stm32cube.common.mx_6.2.1.202103241236\\db\/mcu/
2021-12-20 20:41:26,057 [INFO] DbBoardsPdsc:56 - Set plugin database path to: C:\ST\STM32CubeIDE_1.1.0\STM32CubeIDE\plugins\com.st.stm32cube.common.mx_6.2.1.202103241236\\db\/plugins/boardmanager/
2021-12-20 20:41:26,057 [INFO] DbMcus:258 - Set plugin images path to: C:\ST\STM32CubeIDE_1.1.0\STM32CubeIDE\plugins\com.st.stm32cube.common.mx_6.2.1.202103241236\\db\/plugins/mcufinder/images/
2021-12-20 20:41:26,057 [INFO] DbBoards:264 - Set plugin images path to: C:\ST\STM32CubeIDE_1.1.0\STM32CubeIDE\plugins\com.st.stm32cube.common.mx_6.2.1.202103241236\\db\/plugins/mcufinder/images/
2021-12-20 20:41:26,059 [INFO] DbExamples:333 - Set plugin images path to: C:\ST\STM32CubeIDE_1.1.0\STM32CubeIDE\plugins\com.st.stm32cube.common.mx_6.2.1.202103241236\\db\/plugins/mcufinder/images/
2021-12-20 20:41:26,066 [INFO] DbMcusAds:85 - Set database path to: C:\Users\Navjeevan\.stmcufinder\plugins\mcufinder//mcu/
2021-12-20 20:41:26,067 [INFO] DbMcusDocs:110 - Set database path to: C:\Users\Navjeevan\.stmcufinder\plugins\mcufinder//mcu/
2021-12-20 20:41:26,069 [INFO] DbMcusJson:65 - Set database path to: C:\Users\Navjeevan\.stmcufinder\plugins\mcufinder//mcu/
2021-12-20 20:41:26,071 [INFO] DbBoardsDocs:110 - Set database path to: C:\Users\Navjeevan\.stmcufinder\plugins\mcufinder//mcu/
2021-12-20 20:41:26,072 [INFO] DbBoardsJson:58 - Set database path to: C:\Users\Navjeevan\.stmcufinder\plugins\mcufinder//mcu/
2021-12-20 20:41:27,342 [INFO] CrossReferenceDbSqlite:196 - Set database path to: C:\Users\Navjeevan\.stmcufinder\plugins\mcufinder//mcu/cs/
2021-12-20 20:41:27,358 [INFO] DbExamplesSqlite:690 - Set database path to: C:\Users\Navjeevan\.stmcufinder\plugins\mcufinder//mcu/
2021-12-20 20:41:27,471 [INFO] RulesReader:52 - Compatibility file has been processed (237 Rules)
2021-12-20 20:41:27,633 [INFO] MicroXplorer:622 - Detected Java Version = 11.0.9.1
2021-12-20 20:41:27,635 [INFO] DbMcusXml:74 - Set database path to: C:\ST\STM32CubeIDE_1.1.0\STM32CubeIDE\plugins\com.st.stm32cube.common.mx_6.2.1.202103241236\\db\/mcu/
2021-12-20 20:41:27,635 [INFO] DbBoardsPdsc:56 - Set plugin database path to: C:\ST\STM32CubeIDE_1.1.0\STM32CubeIDE\plugins\com.st.stm32cube.common.mx_6.2.1.202103241236\\db\/plugins/boardmanager/
2021-12-20 20:41:27,635 [INFO] DbMcus:258 - Set plugin images path to: C:\ST\STM32CubeIDE_1.1.0\STM32CubeIDE\plugins\com.st.stm32cube.common.mx_6.2.1.202103241236\\db\/plugins/mcufinder/images/
2021-12-20 20:41:27,635 [INFO] DbBoards:264 - Set plugin images path to: C:\ST\STM32CubeIDE_1.1.0\STM32CubeIDE\plugins\com.st.stm32cube.common.mx_6.2.1.202103241236\\db\/plugins/mcufinder/images/
2021-12-20 20:41:27,636 [INFO] DbExamples:333 - Set plugin images path to: C:\ST\STM32CubeIDE_1.1.0\STM32CubeIDE\plugins\com.st.stm32cube.common.mx_6.2.1.202103241236\\db\/plugins/mcufinder/images/
2021-12-20 20:41:27,636 [WARN] DbFile:35 - Overriding database path with different value: C:\Users\Navjeevan\.stmcufinder\plugins\mcufinder/ => C:\Users\Navjeevan\.stmcufinder\plugins\mcufinder
2021-12-20 20:41:27,636 [INFO] DbMcusAds:85 - Set database path to: C:\Users\Navjeevan\.stmcufinder\plugins\mcufinder//mcu/
2021-12-20 20:41:27,636 [WARN] DbFile:35 - Overriding database path with different value: C:\Users\Navjeevan\.stmcufinder\plugins\mcufinder/ => C:\Users\Navjeevan\.stmcufinder\plugins\mcufinder
2021-12-20 20:41:27,637 [INFO] DbMcusDocs:110 - Set database path to: C:\Users\Navjeevan\.stmcufinder\plugins\mcufinder//mcu/
2021-12-20 20:41:27,637 [WARN] DbFile:35 - Overriding database path with different value: C:\Users\Navjeevan\.stmcufinder\plugins\mcufinder/ => C:\Users\Navjeevan\.stmcufinder\plugins\mcufinder
2021-12-20 20:41:27,637 [INFO] DbMcusJson:65 - Set database path to: C:\Users\Navjeevan\.stmcufinder\plugins\mcufinder//mcu/
2021-12-20 20:41:27,637 [WARN] DbFile:35 - Overriding database path with different value: C:\Users\Navjeevan\.stmcufinder\plugins\mcufinder/ => C:\Users\Navjeevan\.stmcufinder\plugins\mcufinder
2021-12-20 20:41:27,637 [INFO] DbBoardsDocs:110 - Set database path to: C:\Users\Navjeevan\.stmcufinder\plugins\mcufinder//mcu/
2021-12-20 20:41:27,637 [WARN] DbFile:35 - Overriding database path with different value: C:\Users\Navjeevan\.stmcufinder\plugins\mcufinder/ => C:\Users\Navjeevan\.stmcufinder\plugins\mcufinder
2021-12-20 20:41:27,637 [INFO] DbBoardsJson:58 - Set database path to: C:\Users\Navjeevan\.stmcufinder\plugins\mcufinder//mcu/
2021-12-20 20:41:27,637 [WARN] DbFile:35 - Overriding database path with different value: C:\Users\Navjeevan\.stmcufinder\plugins\mcufinder/ => C:\Users\Navjeevan\.stmcufinder\plugins\mcufinder
2021-12-20 20:41:27,638 [WARN] DbFile:35 - Overriding database path with different value: C:\Users\Navjeevan\.stmcufinder\plugins\mcufinder/ => C:\Users\Navjeevan\.stmcufinder\plugins\mcufinder
2021-12-20 20:41:27,638 [INFO] CrossReferenceDbSqlite:196 - Set database path to: C:\Users\Navjeevan\.stmcufinder\plugins\mcufinder//mcu/cs/
2021-12-20 20:41:27,638 [WARN] DbFile:35 - Overriding database path with different value: C:\Users\Navjeevan\.stmcufinder\plugins\mcufinder/ => C:\Users\Navjeevan\.stmcufinder\plugins\mcufinder
2021-12-20 20:41:27,638 [INFO] DbExamplesSqlite:690 - Set database path to: C:\Users\Navjeevan\.stmcufinder\plugins\mcufinder//mcu/
2021-12-20 20:41:27,777 [INFO] MainPanel:204 - HeapMemory: 268435456
2021-12-20 20:41:27,868 [INFO] DbMcusXml:74 - Set database path to: C:\ST\STM32CubeIDE_1.1.0\STM32CubeIDE\plugins\com.st.stm32cube.common.mx_6.2.1.202103241236\\db\/mcu/
2021-12-20 20:41:27,868 [INFO] DbBoardsPdsc:56 - Set plugin database path to: C:\ST\STM32CubeIDE_1.1.0\STM32CubeIDE\plugins\com.st.stm32cube.common.mx_6.2.1.202103241236\\db\/plugins/boardmanager/
2021-12-20 20:41:27,868 [INFO] DbMcus:258 - Set plugin images path to: C:\ST\STM32CubeIDE_1.1.0\STM32CubeIDE\plugins\com.st.stm32cube.common.mx_6.2.1.202103241236\\db\/plugins/mcufinder/images/
2021-12-20 20:41:27,868 [INFO] DbBoards:264 - Set plugin images path to: C:\ST\STM32CubeIDE_1.1.0\STM32CubeIDE\plugins\com.st.stm32cube.common.mx_6.2.1.202103241236\\db\/plugins/mcufinder/images/
2021-12-20 20:41:27,868 [INFO] DbExamples:333 - Set plugin images path to: C:\ST\STM32CubeIDE_1.1.0\STM32CubeIDE\plugins\com.st.stm32cube.common.mx_6.2.1.202103241236\\db\/plugins/mcufinder/images/
2021-12-20 20:41:27,869 [WARN] DbFile:35 - Overriding database path with different value: C:\Users\Navjeevan\.stmcufinder\plugins\mcufinder/ => C:\Users\Navjeevan\.stmcufinder\plugins\mcufinder
2021-12-20 20:41:27,869 [INFO] DbMcusAds:85 - Set database path to: C:\Users\Navjeevan\.stmcufinder\plugins\mcufinder//mcu/
2021-12-20 20:41:27,870 [WARN] DbFile:35 - Overriding database path with different value: C:\Users\Navjeevan\.stmcufinder\plugins\mcufinder/ => C:\Users\Navjeevan\.stmcufinder\plugins\mcufinder
2021-12-20 20:41:27,870 [INFO] DbMcusDocs:110 - Set database path to: C:\Users\Navjeevan\.stmcufinder\plugins\mcufinder//mcu/
2021-12-20 20:41:27,870 [WARN] DbFile:35 - Overriding database path with different value: C:\Users\Navjeevan\.stmcufinder\plugins\mcufinder/ => C:\Users\Navjeevan\.stmcufinder\plugins\mcufinder
2021-12-20 20:41:27,870 [INFO] DbMcusJson:65 - Set database path to: C:\Users\Navjeevan\.stmcufinder\plugins\mcufinder//mcu/
2021-12-20 20:41:27,870 [WARN] DbFile:35 - Overriding database path with different value: C:\Users\Navjeevan\.stmcufinder\plugins\mcufinder/ => C:\Users\Navjeevan\.stmcufinder\plugins\mcufinder
2021-12-20 20:41:27,870 [INFO] DbBoardsDocs:110 - Set database path to: C:\Users\Navjeevan\.stmcufinder\plugins\mcufinder//mcu/
2021-12-20 20:41:27,871 [WARN] DbFile:35 - Overriding database path with different value: C:\Users\Navjeevan\.stmcufinder\plugins\mcufinder/ => C:\Users\Navjeevan\.stmcufinder\plugins\mcufinder
2021-12-20 20:41:27,871 [INFO] DbBoardsJson:58 - Set database path to: C:\Users\Navjeevan\.stmcufinder\plugins\mcufinder//mcu/
2021-12-20 20:41:27,871 [WARN] DbFile:35 - Overriding database path with different value: C:\Users\Navjeevan\.stmcufinder\plugins\mcufinder/ => C:\Users\Navjeevan\.stmcufinder\plugins\mcufinder
2021-12-20 20:41:27,871 [WARN] DbFile:35 - Overriding database path with different value: C:\Users\Navjeevan\.stmcufinder\plugins\mcufinder/ => C:\Users\Navjeevan\.stmcufinder\plugins\mcufinder
2021-12-20 20:41:27,871 [INFO] CrossReferenceDbSqlite:196 - Set database path to: C:\Users\Navjeevan\.stmcufinder\plugins\mcufinder//mcu/cs/
2021-12-20 20:41:27,871 [WARN] DbFile:35 - Overriding database path with different value: C:\Users\Navjeevan\.stmcufinder\plugins\mcufinder/ => C:\Users\Navjeevan\.stmcufinder\plugins\mcufinder
2021-12-20 20:41:27,871 [INFO] DbExamplesSqlite:690 - Set database path to: C:\Users\Navjeevan\.stmcufinder\plugins\mcufinder//mcu/
2021-12-20 20:41:27,917 [INFO] ApplicationProperties:181 - Using Application install path: C:\ST\STM32CubeIDE_1.1.0\STM32CubeIDE\plugins\com.st.stm32cube.common.mx_6.2.1.202103241236
2021-12-20 20:41:27,919 [INFO] PluginManage:178 - Search for loadable plugins [exclusion list=, ]
2021-12-20 20:41:27,920 [INFO] PluginManage:292 - Check plugin analytics
2021-12-20 20:41:28,500 [INFO] AnalyticsPlugin:233 - Accepted Software Licenses: STM32CubeMX.5.1.0,STM32CubeMX.5.6.1,STM32CubeMX.6.0.1,STM32CubeMX.6.1.1,STM32CubeMX.6.1.2
2021-12-20 20:41:28,500 [INFO] AnalyticsPlugin:235 - Accepted CMSIS Pack Licenses: 
2021-12-20 20:41:28,500 [INFO] AnalyticsPlugin:237 - Accepted Firmware Licenses: 
2021-12-20 20:41:28,502 [INFO] PluginManage:342 - Loaded plugin analytics (category:tool,tabindex:-1)
2021-12-20 20:41:28,502 [INFO] PluginManage:292 - Check plugin clock
2021-12-20 20:41:28,519 [INFO] PluginManage:342 - Loaded plugin clock (category:base,tabindex:2)
2021-12-20 20:41:28,519 [INFO] PluginManage:292 - Check plugin ddr
2021-12-20 20:41:28,522 [INFO] PluginManage:342 - Loaded plugin ddr (category:tool,tabindex:6)
2021-12-20 20:41:28,523 [INFO] PluginManage:292 - Check plugin filemanager
2021-12-20 20:41:28,705 [INFO] PluginManage:342 - Loaded plugin filemanager (category:base,tabindex:10)
2021-12-20 20:41:28,706 [INFO] PluginManage:292 - Check plugin ipmanager
2021-12-20 20:41:28,719 [INFO] PluginManage:342 - Loaded plugin ipmanager (category:base,tabindex:5)
2021-12-20 20:41:28,719 [INFO] PluginManage:292 - Check plugin pinoutandconfiguration
2021-12-20 20:41:28,728 [INFO] PluginManage:342 - Loaded plugin pinoutandconfiguration (category:base,tabindex:1)
2021-12-20 20:41:28,728 [INFO] PluginManage:292 - Check plugin pinoutconfig
2021-12-20 20:41:28,758 [INFO] PluginManage:342 - Loaded plugin pinoutconfig (category:base,tabindex:0)
2021-12-20 20:41:28,758 [INFO] PluginManage:292 - Check plugin power
2021-12-20 20:41:28,767 [INFO] PluginManage:342 - Loaded plugin power (category:power,tabindex:4)
2021-12-20 20:41:28,768 [INFO] PluginManage:292 - Check plugin projectmanager
2021-12-20 20:41:28,786 [INFO] PluginManage:342 - Loaded plugin projectmanager (category:projectmanager,tabindex:3)
2021-12-20 20:41:28,786 [INFO] PluginManage:292 - Check plugin thirdparty
2021-12-20 20:41:28,902 [INFO] PluginManage:342 - Loaded plugin thirdparty (category:base,tabindex:-1)
2021-12-20 20:41:28,902 [WARN] IntegrityCheckThread:59 - waiting for thirdparty lock release [integrity check]
2021-12-20 20:41:28,903 [INFO] IntegrityCheckThread:61 - entering critical section [integrity check]
2021-12-20 20:41:28,902 [INFO] PluginManage:292 - Check plugin tools
2021-12-20 20:41:28,903 [INFO] ThirdPartyUpdaterWithRetryManager:56 - Updater plugin not ready yet. [1/15]
2021-12-20 20:41:28,905 [INFO] PluginManage:342 - Loaded plugin tools (category:base,tabindex:7)
2021-12-20 20:41:28,906 [INFO] PluginManage:292 - Check plugin tutovideos
2021-12-20 20:41:29,102 [INFO] PluginManage:342 - Loaded plugin tutovideos (category:base,tabindex:-1)
2021-12-20 20:41:29,102 [INFO] PluginManage:292 - Check plugin updater
2021-12-20 20:41:29,114 [INFO] PluginManage:342 - Loaded plugin updater (category:base,tabindex:12)
2021-12-20 20:41:29,115 [INFO] PluginManage:265 - PluginManage : Loaded plugins [13]
2021-12-20 20:41:29,427 [INFO] PinOutPanel:1435 - setPackage(No Configuration,No Configuration)
2021-12-20 20:41:29,620 [INFO] IPUIPlugin:64 - create IPUIPlugin
2021-12-20 20:41:29,621 [INFO] PluginManager:203 - loadIPPluginJar : add adc
2021-12-20 20:41:29,623 [INFO] IPUIPlugin:64 - create IPUIPlugin
2021-12-20 20:41:29,624 [INFO] PluginManager:203 - loadIPPluginJar : add aes
2021-12-20 20:41:29,627 [INFO] IPUIPlugin:64 - create IPUIPlugin
2021-12-20 20:41:29,627 [INFO] PluginManager:203 - loadIPPluginJar : add can
2021-12-20 20:41:29,629 [INFO] IPUIPlugin:64 - create IPUIPlugin
2021-12-20 20:41:29,629 [INFO] PluginManager:203 - loadIPPluginJar : add comp
2021-12-20 20:41:29,632 [INFO] IPUIPlugin:64 - create IPUIPlugin
2021-12-20 20:41:29,632 [INFO] PluginManager:203 - loadIPPluginJar : add cryp
2021-12-20 20:41:29,635 [INFO] IPUIPlugin:64 - create IPUIPlugin
2021-12-20 20:41:29,635 [INFO] PluginManager:203 - loadIPPluginJar : add dfsdm
2021-12-20 20:41:29,640 [INFO] IPUIPlugin:64 - create IPUIPlugin
2021-12-20 20:41:29,641 [INFO] PluginManager:203 - loadIPPluginJar : add dma
2021-12-20 20:41:29,643 [INFO] IPUIPlugin:64 - create IPUIPlugin
2021-12-20 20:41:29,643 [INFO] PluginManager:203 - loadIPPluginJar : add fatfs
2021-12-20 20:41:29,648 [INFO] IPUIPlugin:64 - create IPUIPlugin
2021-12-20 20:41:29,648 [INFO] PluginManager:203 - loadIPPluginJar : add fmc
2021-12-20 20:41:29,655 [INFO] IPUIPlugin:64 - create IPUIPlugin
2021-12-20 20:41:29,655 [INFO] PluginManager:203 - loadIPPluginJar : add freertos
2021-12-20 20:41:29,657 [INFO] IPUIPlugin:64 - create IPUIPlugin
2021-12-20 20:41:29,657 [INFO] PluginManager:203 - loadIPPluginJar : add genericplugin
2021-12-20 20:41:29,659 [INFO] IPUIPlugin:64 - create IPUIPlugin
2021-12-20 20:41:29,660 [INFO] PluginManager:203 - loadIPPluginJar : add gfxmmu
2021-12-20 20:41:29,666 [INFO] IPUIPlugin:64 - create IPUIPlugin
2021-12-20 20:41:29,666 [INFO] PluginManager:203 - loadIPPluginJar : add gic
2021-12-20 20:41:29,670 [INFO] IPUIPlugin:64 - create IPUIPlugin
2021-12-20 20:41:29,670 [INFO] PluginManager:203 - loadIPPluginJar : add gpio
2021-12-20 20:41:29,672 [INFO] IPUIPlugin:64 - create IPUIPlugin
2021-12-20 20:41:29,673 [INFO] PluginManager:203 - loadIPPluginJar : add gtzc
2021-12-20 20:41:29,675 [INFO] IPUIPlugin:64 - create IPUIPlugin
2021-12-20 20:41:29,675 [INFO] PluginManager:203 - loadIPPluginJar : add hash
2021-12-20 20:41:29,678 [INFO] IPUIPlugin:64 - create IPUIPlugin
2021-12-20 20:41:29,679 [INFO] PluginManager:203 - loadIPPluginJar : add i2c
2021-12-20 20:41:29,681 [INFO] IPUIPlugin:64 - create IPUIPlugin
2021-12-20 20:41:29,681 [INFO] PluginManager:203 - loadIPPluginJar : add i2s
2021-12-20 20:41:29,685 [INFO] IPUIPlugin:64 - create IPUIPlugin
2021-12-20 20:41:29,685 [INFO] PluginManager:203 - loadIPPluginJar : add ipddr
2021-12-20 20:41:29,689 [INFO] IPUIPlugin:64 - create IPUIPlugin
2021-12-20 20:41:29,689 [INFO] PluginManager:203 - loadIPPluginJar : add lorawan
2021-12-20 20:41:29,691 [INFO] IPUIPlugin:64 - create IPUIPlugin
2021-12-20 20:41:29,691 [INFO] PluginManager:203 - loadIPPluginJar : add ltdc
2021-12-20 20:41:29,697 [INFO] IPUIPlugin:64 - create IPUIPlugin
2021-12-20 20:41:29,698 [INFO] PluginManager:203 - loadIPPluginJar : add mdma
2021-12-20 20:41:29,702 [INFO] IPUIPlugin:64 - create IPUIPlugin
2021-12-20 20:41:29,703 [INFO] PluginManager:203 - loadIPPluginJar : add nvic
2021-12-20 20:41:29,705 [INFO] IPUIPlugin:64 - create IPUIPlugin
2021-12-20 20:41:29,706 [INFO] PluginManager:203 - loadIPPluginJar : add opamp
2021-12-20 20:41:29,708 [INFO] IPUIPlugin:64 - create IPUIPlugin
2021-12-20 20:41:29,709 [INFO] PluginManager:203 - loadIPPluginJar : add openamp
2021-12-20 20:41:29,712 [INFO] IPUIPlugin:64 - create IPUIPlugin
2021-12-20 20:41:29,712 [INFO] PluginManager:203 - loadIPPluginJar : add pdm2pcm
2021-12-20 20:41:29,720 [INFO] IPUIPlugin:64 - create IPUIPlugin
2021-12-20 20:41:29,724 [INFO] PluginManager:203 - loadIPPluginJar : add plateformsettings
2021-12-20 20:41:29,727 [INFO] IPUIPlugin:64 - create IPUIPlugin
2021-12-20 20:41:29,727 [INFO] PluginManager:203 - loadIPPluginJar : add quadspi
2021-12-20 20:41:29,730 [INFO] IPUIPlugin:64 - create IPUIPlugin
2021-12-20 20:41:29,730 [INFO] PluginManager:203 - loadIPPluginJar : add resmgrutility
2021-12-20 20:41:29,733 [INFO] IPUIPlugin:64 - create IPUIPlugin
2021-12-20 20:41:29,734 [INFO] PluginManager:203 - loadIPPluginJar : add sai
2021-12-20 20:41:29,736 [INFO] IPUIPlugin:64 - create IPUIPlugin
2021-12-20 20:41:29,736 [INFO] PluginManager:203 - loadIPPluginJar : add spi
2021-12-20 20:41:29,741 [INFO] IPUIPlugin:64 - create IPUIPlugin
2021-12-20 20:41:29,741 [INFO] PluginManager:203 - loadIPPluginJar : add stm32_wpan
2021-12-20 20:41:29,744 [INFO] IPUIPlugin:64 - create IPUIPlugin
2021-12-20 20:41:29,744 [INFO] PluginManager:203 - loadIPPluginJar : add tim
2021-12-20 20:41:29,747 [INFO] IPUIPlugin:64 - create IPUIPlugin
2021-12-20 20:41:29,748 [INFO] PluginManager:203 - loadIPPluginJar : add touchsensing
2021-12-20 20:41:29,749 [INFO] IPUIPlugin:64 - create IPUIPlugin
2021-12-20 20:41:29,750 [INFO] PluginManager:203 - loadIPPluginJar : add tracer_emb
2021-12-20 20:41:29,751 [INFO] IPUIPlugin:64 - create IPUIPlugin
2021-12-20 20:41:29,752 [INFO] PluginManager:203 - loadIPPluginJar : add ts
2021-12-20 20:41:29,754 [INFO] IPUIPlugin:64 - create IPUIPlugin
2021-12-20 20:41:29,754 [INFO] PluginManager:203 - loadIPPluginJar : add tsc
2021-12-20 20:41:29,756 [INFO] IPUIPlugin:64 - create IPUIPlugin
2021-12-20 20:41:29,756 [INFO] PluginManager:203 - loadIPPluginJar : add ucpd
2021-12-20 20:41:29,759 [INFO] IPUIPlugin:64 - create IPUIPlugin
2021-12-20 20:41:29,759 [INFO] PluginManager:203 - loadIPPluginJar : add usart
2021-12-20 20:41:30,079 [FATAL] Updater:284 - Updater called before beeing initialized
2021-12-20 20:41:30,258 [FATAL] Updater:284 - Updater called before beeing initialized
2021-12-20 20:41:30,266 [INFO] DbMcusAds:132 - JSON generation date=Thu Sep 30 12:25:09 IST 2021 (1632984909265)
2021-12-20 20:41:30,267 [FATAL] Updater:284 - Updater called before beeing initialized
2021-12-20 20:41:30,314 [WARN] DetailPanel:315 - Failed to get advertising image, set to default
2021-12-20 20:41:30,579 [FATAL] Updater:284 - Updater called before beeing initialized
2021-12-20 20:41:30,581 [FATAL] Updater:284 - Updater called before beeing initialized
2021-12-20 20:41:30,581 [FATAL] Updater:284 - Updater called before beeing initialized
2021-12-20 20:41:30,581 [WARN] DetailPanel:315 - Failed to get advertising image, set to default
2021-12-20 20:41:30,582 [FATAL] Updater:284 - Updater called before beeing initialized
2021-12-20 20:41:30,647 [FATAL] Updater:284 - Updater called before beeing initialized
2021-12-20 20:41:30,647 [WARN] ThirdParty:796 - waiting for thirdparty lock release [close project]
2021-12-20 20:41:31,913 [INFO] ThirdPartyUpdaterWithRetryManager:56 - Updater plugin not ready yet. [2/15]
2021-12-20 20:41:34,919 [FATAL] Updater:284 - Updater called before beeing initialized
2021-12-20 20:41:34,920 [ERROR] AbstractThirdPartyUpdaterManager:153 - class java.lang.Integer cannot be cast to class java.util.List (java.lang.Integer and java.util.List are in module java.base of loader 'bootstrap')
2021-12-20 20:41:34,921 [INFO] ThirdParty:900 - Integrity check success = false
2021-12-20 20:41:34,921 [INFO] IntegrityCheckThread:75 - exiting critical section [integrity check]
2021-12-20 20:41:34,921 [INFO] IntegrityCheckThread:78 - End integrity checks thread
2021-12-20 20:41:34,922 [INFO] ThirdParty:798 - entering critical section [close project]
2021-12-20 20:41:34,925 [INFO] ThirdParty:809 - exiting critical section [close project]
2021-12-20 20:41:34,934 [INFO] PinOutPanel:1435 - setPackage(No Configuration,No Configuration)
2021-12-20 20:41:34,934 [FATAL] Updater:284 - Updater called before beeing initialized
2021-12-20 20:41:34,946 [ERROR] Updater:1065 - MainUpdater not yet initialized. External WinMGr cannot be set.
2021-12-20 20:41:34,949 [INFO] Updater:1002 - Updater Version found : 6.2.1
2021-12-20 20:41:34,966 [INFO] ApplicationProperties:181 - Using Application install path: C:\ST\STM32CubeIDE_1.1.0\STM32CubeIDE\plugins\com.st.stm32cube.common.mx_6.2.1.202103241236
2021-12-20 20:41:40,173 [INFO] MainUpdater:2661 - connection check result : 10
2021-12-20 20:41:40,176 [INFO] MainUpdater:255 - Updater Check For Update Now.
2021-12-20 20:41:40,177 [INFO] MicroXplorer:472 - Change Database Version : DB.6.0.21
2021-12-20 20:41:40,230 [INFO] CheckServerUpdateThread:102 - End of CheckServer Thread
2021-12-20 20:41:40,306 [INFO] MainUpdater:2661 - connection check result : 10
2021-12-20 20:41:42,334 [INFO] CrossSelectorPresenter:1330 - Cross Selector saved comparison directory: C:\Users\Navjeevan\.stmcufinder\plugins\mcufinder\mcu\cs_comparisons_mx
2021-12-20 20:41:42,340 [INFO] MultiScanPanel:200 - Auto-refresh data requested => check proxy status ongoing
2021-12-20 20:41:42,342 [INFO] FinderPluginLoader:87 - Searching for filters in installed packs
2021-12-20 20:41:42,343 [INFO] DbMcusXml:100 - Load MCU database from C:\ST\STM32CubeIDE_1.1.0\STM32CubeIDE\plugins\com.st.stm32cube.common.mx_6.2.1.202103241236\\db\/mcu/families.xml
2021-12-20 20:41:43,290 [INFO] DbMcusJson:94 - JSON generation date=Tue Nov 16 21:47:54 IST 2021 (1637079474)
2021-12-20 20:41:44,157 [INFO] DbMcus:175 - Found 1906 MCUs (1866 are supported by CubeMX, 1920 are visible in CubeMX)
2021-12-20 20:41:44,158 [INFO] ApiDb:251 - Load user favorites file C:\Users\Navjeevan/.stm32cubeide/favorites.mcus.txt: 1 item(s)
2021-12-20 20:41:44,158 [INFO] ApiDb:255 - User favorites MCUs=[STM32F446RETx]
2021-12-20 20:41:44,158 [INFO] DbMcus:187 - Set 1 / 1 favorites MCUs
2021-12-20 20:41:44,780 [WARN] DetailPanel:315 - Failed to get advertising image, set to default
2021-12-20 20:41:45,363 [INFO] DbBoardsPdsc:90 - Found 24 items
2021-12-20 20:41:45,365 [INFO] DbBoardsPdsc:90 - Found 9 items
2021-12-20 20:41:45,369 [INFO] DbBoardsPdsc:90 - Found 33 items
2021-12-20 20:41:45,371 [INFO] DbBoardsPdsc:90 - Found 1 items
2021-12-20 20:41:45,376 [INFO] DbBoardsPdsc:90 - Found 46 items
2021-12-20 20:41:45,384 [INFO] DbBoardsPdsc:90 - Found 41 items
2021-12-20 20:41:45,386 [INFO] DbBoardsPdsc:90 - Found 2 items
2021-12-20 20:41:45,389 [INFO] DbBoardsPdsc:90 - Found 5 items
2021-12-20 20:41:45,391 [WARN] DbBoardsPdsc:254 - Board NUCLEO-WB15CC: unknown feature type=, name=, username=Three user LEDs, n=1
2021-12-20 20:41:45,392 [WARN] DbBoardsPdsc:254 - Board NUCLEO-WB15CC: unknown feature type=, name=, username=One reset and three user push-buttons, n=1
2021-12-20 20:41:45,392 [WARN] DbBoardsPdsc:254 - Board NUCLEO-WB15CC: unknown feature type=, name=, username=Arduino Uno V3 expansion connector, n=1
2021-12-20 20:41:45,392 [WARN] DbBoardsPdsc:254 - Board NUCLEO-WB15CC: unknown feature type=, name=, username=ST morpho extension pin headers for full access to all STM32WB I/Os, n=1
2021-12-20 20:41:45,392 [WARN] DbBoardsPdsc:254 - Board NUCLEO-WB15CC: unknown feature type=, name=, username=Integrated PCB antenna and SMA connector footprint, n=1
2021-12-20 20:41:45,392 [WARN] DbBoardsPdsc:254 - Board NUCLEO-WB15CC: unknown feature type=, name=, username=Flexible power-supply options: ST-LINK, USB VBUS, or external sources, n=1
2021-12-20 20:41:45,392 [WARN] DbBoardsPdsc:254 - Board NUCLEO-WB15CC: unknown feature type=, name=, username=On-board footprint to mount a CR2032 battery socket, n=1
2021-12-20 20:41:45,392 [WARN] DbBoardsPdsc:254 - Board NUCLEO-WB15CC: unknown feature type=, name=, username=On-board ST-LINK/V2-1 debugger/programmer with USB re-enumeration capability: mass storage, Virtual COM port, and debug port, n=1
2021-12-20 20:41:45,392 [WARN] DbBoardsPdsc:254 - Board NUCLEO-WB15CC: unknown feature type=, name=, username=Comprehensive free software libraries and examples available with the STM32CubeWB MCU Package, n=1
2021-12-20 20:41:45,392 [WARN] DbBoardsPdsc:254 - Board NUCLEO-WB15CC: unknown feature type=, name=, username=Support of a wide choice of Integrated Development Environments (IDEs) including IAR Embedded Workbench, MDK-ARM, STM32CubeIDE, and Mbed Studio, n=1
2021-12-20 20:41:45,394 [WARN] DbBoardsPdsc:254 - Board STM32H7B3I-DK: unknown feature type=Audio, name=, username=Audio stereo codec with Headphone Amp (CS42L51-CNZ), n=1
2021-12-20 20:41:45,395 [WARN] DbBoardsPdsc:254 - Board STM32H735G-DK: unknown feature type=Audio, name=, username=Audio stereo codec with Headphone Amp (WM8994ECS/R), n=1
2021-12-20 20:41:45,395 [WARN] DbBoardsPdsc:254 - Board STM32WB5MM-DK: unknown feature type=, name=, username=Time-of-Flight and gesture-detection sensor, n=1
2021-12-20 20:41:45,395 [WARN] DbBoardsPdsc:254 - Board STM32WB5MM-DK: unknown feature type=, name=, username=3 push-buttons (2 users and 1 reset) and 1 touch key button, n=1
2021-12-20 20:41:45,395 [WARN] DbBoardsPdsc:254 - Board STM32WB5MM-DK: unknown feature type=, name=, username=Flexible power-supply options: ST-LINK/V2-1 USB connector, 5 V delivered by ARDUINO® or external connector, USB charger, or USB power, n=1
2021-12-20 20:41:45,395 [WARN] DbBoardsPdsc:254 - Board STM32WB5MM-DK: unknown feature type=, name=, username=On-board ST-LINK/V2-1 debugger/programmer with USB re-enumeration capability: Virtual COM port and debug port, n=1
2021-12-20 20:41:45,395 [WARN] DbBoardsPdsc:254 - Board STM32WB5MM-DK: unknown feature type=, name=, username=Comprehensive free software libraries and examples available with the STM32CubeWB MCU Package, n=1
2021-12-20 20:41:45,396 [WARN] DbBoardsPdsc:254 - Board STM32WB5MM-DK: unknown feature type=, name=, username=Support of a wide choice of Integrated Development Environments (IDEs) including IAR Embedded Workbench®, MDK-ARM, and STM32CubeIDE, n=1
2021-12-20 20:41:45,410 [WARN] DbBoardsPdsc:254 - Board STM32H7B3I-EVAL: unknown feature type=Audio, name=, username=Multi-Channel Audio Codec (CS42L51-CNZ), n=1
2021-12-20 20:41:45,410 [WARN] DbBoardsPdsc:254 - Board STM32H7B3I-EVAL: unknown feature type=Meter, name=, username=Power-metering and Temperature-monitoring with sigma-delta modulators, n=1
2021-12-20 20:41:45,410 [WARN] DbBoardsPdsc:254 - Board STM32H7B3I-EVAL: unknown feature type=Motor, name=, username=Motor Control, n=1
2021-12-20 20:41:45,429 [INFO] DbBoardsJson:87 - JSON generation date=Tue Nov 16 21:47:54 IST 2021 (1637079474)
2021-12-20 20:41:45,434 [INFO] DbBoards:117 - Found 167 boards (158 are supported by CubeMX)
2021-12-20 20:41:45,436 [INFO] DbBoardsDocs:143 - JSON generation date=Tue Nov 16 21:47:54 IST 2021 (1637079474)
2021-12-20 20:41:45,440 [INFO] DbBoardsDocs:79 - Found 209 boards documents
2021-12-20 20:41:45,441 [WARN] DbBoards:127 - board B-L475E-IOT01A2 has no document id list !
2021-12-20 20:41:45,441 [WARN] DbBoards:127 - board NUCLEO-H743ZI has no document id list !
2021-12-20 20:41:45,442 [WARN] DbBoards:127 - board NUCLEO-WL55JC2 has no document id list !
2021-12-20 20:41:45,443 [WARN] DbBoards:127 - board P-NUCLEO-WB55-Nucleo has no document id list !
2021-12-20 20:41:45,443 [WARN] DbBoards:127 - board P-NUCLEO-WB55-USBDongle has no document id list !
2021-12-20 20:41:45,443 [WARN] DbBoards:127 - board STEVAL-BFA001V1B has no document id list !
2021-12-20 20:41:45,443 [WARN] DbBoards:127 - board STEVAL-BFA001V2B has no document id list !
2021-12-20 20:41:45,443 [WARN] DbBoards:127 - board STEVAL-IDP005V1 has no document id list !
2021-12-20 20:41:45,443 [WARN] DbBoards:127 - board STEVAL-IDP005V2 has no document id list !
2021-12-20 20:41:45,443 [WARN] DbBoards:127 - board STEVAL-MKSBOX1V1 has no document id list !
2021-12-20 20:41:45,443 [WARN] DbBoards:127 - board STEVAL-STWINKT1 has no document id list !
2021-12-20 20:41:45,443 [WARN] DbBoards:127 - board STEVAL-STWINKT1B has no document id list !
2021-12-20 20:41:45,444 [WARN] DbBoards:127 - board STM32439I-EVAL2 has no document id list !
2021-12-20 20:41:45,444 [WARN] DbBoards:127 - board STM32F401C-DISCO has no document id list !
2021-12-20 20:41:45,445 [WARN] DbBoards:127 - board STM32F769I-DISC1 has no document id list !
2021-12-20 20:41:45,445 [WARN] DbBoards:127 - board STM32G474E-EVAL1 has no document id list !
2021-12-20 20:41:45,445 [WARN] DbBoards:127 - board STM32H743I-EVAL2 has no document id list !
2021-12-20 20:41:45,445 [WARN] DbBoards:127 - board STM32H747I-DISC1 has no document id list !
2021-12-20 20:41:45,446 [WARN] DbBoards:127 - board STM32H753I-EVAL2 has no document id list !
2021-12-20 20:41:45,446 [WARN] DbBoards:127 - board STM32L-DISCOVERY has no document id list !
2021-12-20 20:41:45,596 [ERROR] DbBoards:189 - Image file not found for board B-U585I-IOT02A: C:\ST\STM32CubeIDE_1.1.0\STM32CubeIDE\plugins\com.st.stm32cube.common.mx_6.2.1.202103241236\\db\/plugins/mcufinder/images/boards/B-U585I-IOT02A_small.jpg
2021-12-20 20:41:45,722 [ERROR] DbBoards:189 - Image file not found for board NUCLEO-F413ZH: C:\ST\STM32CubeIDE_1.1.0\STM32CubeIDE\plugins\com.st.stm32cube.common.mx_6.2.1.202103241236\\db\/plugins/mcufinder/images/boards/nucleo-f413zh_small.jpg
2021-12-20 20:41:45,971 [ERROR] DbBoards:189 - Image file not found for board NUCLEO-L552ZE-Q: C:\ST\STM32CubeIDE_1.1.0\STM32CubeIDE\plugins\com.st.stm32cube.common.mx_6.2.1.202103241236\\db\/plugins/mcufinder/images/boards/nucleo_l552ze_q_small.jpg
2021-12-20 20:41:45,972 [ERROR] DbBoards:189 - Image file not found for board NUCLEO-U575ZI-Q: C:\ST\STM32CubeIDE_1.1.0\STM32CubeIDE\plugins\com.st.stm32cube.common.mx_6.2.1.202103241236\\db\/plugins/mcufinder/images/boards/nucleo-u575zi-q_small.jpg
2021-12-20 20:41:45,972 [ERROR] DbBoards:189 - Image file not found for board NUCLEO-WB15CC: C:\ST\STM32CubeIDE_1.1.0\STM32CubeIDE\plugins\com.st.stm32cube.common.mx_6.2.1.202103241236\\db\/plugins/mcufinder/images/boards/nucleo-wb15cc_small.jpg
2021-12-20 20:41:45,972 [ERROR] DbBoards:189 - Image file not found for board NUCLEO-WB55RG: C:\ST\STM32CubeIDE_1.1.0\STM32CubeIDE\plugins\com.st.stm32cube.common.mx_6.2.1.202103241236\\db\/plugins/mcufinder/images/boards/nucleo-wb55rg_small.jpg
2021-12-20 20:41:47,011 [ERROR] DbBoards:189 - Image file not found for board STM32U575I-EV: C:\ST\STM32CubeIDE_1.1.0\STM32CubeIDE\plugins\com.st.stm32cube.common.mx_6.2.1.202103241236\\db\/plugins/mcufinder/images/boards/stm32u575i-ev_small.jpg
2021-12-20 20:41:47,088 [INFO] ApiDb:251 - Load user favorites file C:\Users\Navjeevan/.stm32cubeide/favorites.boards.txt: 1 item(s)
2021-12-20 20:41:47,089 [INFO] ApiDb:255 - User favorites Boards=[NUCLEO-F446RE]
2021-12-20 20:41:47,089 [INFO] DbBoards:206 - Set 1 / 1 favorites Boards
2021-12-20 20:41:49,188 [INFO] MultiScanPanel:200 - Auto-refresh data requested => check proxy status ongoing
2021-12-20 20:41:49,244 [WARN] DetailPanel:315 - Failed to get advertising image, set to default
2021-12-20 20:42:20,398 [INFO] ApiDb:276 - Save user favorites file C:\Users\Navjeevan/.stm32cubeide/favorites.mcus.txt: 1 item(s)
2021-12-20 20:42:20,400 [INFO] ApiDb:280 - User favorites MCUs=[STM32F446RETx]
2021-12-20 20:42:20,406 [INFO] ApiDb:276 - Save user favorites file C:\Users\Navjeevan/.stm32cubeide/favorites.boards.txt: 1 item(s)
2021-12-20 20:42:20,406 [INFO] ApiDb:280 - User favorites Boards=[NUCLEO-F446RE]
